0 info it worked if it ends with ok
1 verbose cli [ '/usr/bin/nodejs', '/usr/bin/npm', 'publish' ]
2 info using npm@3.5.2
3 info using node@v4.2.6
4 verbose publish [ '.' ]
5 silly cache add args [ '.', null ]
6 verbose cache add spec .
7 silly cache add parsed spec Result {
7 silly cache add   raw: '.',
7 silly cache add   scope: null,
7 silly cache add   name: null,
7 silly cache add   rawSpec: '.',
7 silly cache add   spec: '/depot/own/mockES6module',
7 silly cache add   type: 'directory' }
8 verbose addLocalDirectory /home/frank/.npm/mockES6module/0.1.4/package.tgz not in flight; packing
9 info lifecycle mockES6module@0.1.4~prepublish: mockES6module@0.1.4
10 verbose lifecycle mockES6module@0.1.4~prepublish: unsafe-perm in lifecycle true
11 verbose lifecycle mockES6module@0.1.4~prepublish: PATH: /usr/share/npm/bin/node-gyp-bin:/depot/own/mockES6module/node_modules/.bin:/usr/local/sbin:/usr/local/bin:/usr/sbin:/usr/bin:/sbin:/bin:/usr/games:/usr/local/games:/snap/bin:/home/frank/script:/home/frank/script/mount:/home/frank/script/backup:/home/frank/script/git:/home/frank/script:/home/frank/script/mount:/home/frank/script/backup:/home/frank/script/git
12 verbose lifecycle mockES6module@0.1.4~prepublish: CWD: /depot/own/mockES6module
13 silly lifecycle mockES6module@0.1.4~prepublish: Args: [ '-c', 'npm run build' ]
14 silly lifecycle mockES6module@0.1.4~prepublish: Returned: code: 0  signal: null
15 verbose tar pack [ '/home/frank/.npm/mockES6module/0.1.4/package.tgz',
15 verbose tar pack   '/depot/own/mockES6module' ]
16 verbose tarball /home/frank/.npm/mockES6module/0.1.4/package.tgz
17 verbose folder /depot/own/mockES6module
18 verbose addLocalTarball adding from inside cache /home/frank/.npm/mockES6module/0.1.4/package.tgz
19 silly cache afterAdd mockES6module@0.1.4
20 verbose afterAdd /home/frank/.npm/mockES6module/0.1.4/package/package.json not in flight; writing
21 verbose afterAdd /home/frank/.npm/mockES6module/0.1.4/package/package.json written
22 silly publish { name: 'mockES6module',
22 silly publish   version: '0.1.4',
22 silly publish   description: '(mostly for myself)',
22 silly publish   main: 'lib/index.js',
22 silly publish   scripts:
22 silly publish    { clean: 'rm -rf lib/*',
22 silly publish      'clean-log': 'rm ./buildlog.txt',
22 silly publish      date: 'echo "called on $(date "+%Y-%m-%d  %H:%M:%S") – Version $npm_package_version"',
22 silly publish      'date-log': 'echo "called on $(date "+%Y-%m-%d  %H:%M:%S") – Version $npm_package_version" >> buildlog.txt',
22 silly publish      'build:babel': 'babel src -d lib -s',
22 silly publish      build: 'npm run date "BUILD called" && npm run date-log "BUILD called" && npm run build:babel',
22 silly publish      'build-and-run': 'npm run date-log "just build-and-run" && npm run build:babel && node lib/index.js',
22 silly publish      prepublish: 'npm run build',
22 silly publish      DISABLED_prepublish: 'npm run date-log "PREPUBLISH called"' },
22 silly publish   repository:
22 silly publish    { type: 'git',
22 silly publish      url: 'git+https://github.com/nocke/mockES6module.git' },
22 silly publish   author: '',
22 silly publish   keywords: [],
22 silly publish   license: 'ISC',
22 silly publish   devDependencies: { 'babel-cli': '^6.24.1', 'babel-preset-es2015': '^6.24.1' },
22 silly publish   readme: '# a little ES6 mock library testing compilation and publishing\n\n(mostly for myself)\n\n`npm run date` – outputs date\n`npm run date-log` – appends date to `buildlog.txt` (great to see, what glue thing happens around on _being_ installed)\n\n`npm run build:babel` – very simple output building (ES2015) to `lib/`, includes source maps\n\n`npm run build-and-run` – convenience. „runs“ the `node lib/index.js` which has a little test code\n\n',
22 silly publish   readmeFilename: 'README.md',
22 silly publish   gitHead: 'eb139476c836afffd35138af190846bbfdd66945',
22 silly publish   bugs: { url: 'https://github.com/nocke/mockES6module/issues' },
22 silly publish   homepage: 'https://github.com/nocke/mockES6module#readme',
22 silly publish   _id: 'mockES6module@0.1.4',
22 silly publish   _shasum: '6222b880264311e539fff4a83f90c656369e9293',
22 silly publish   _from: '.' }
23 verbose getPublishConfig undefined
24 silly mapToRegistry name mockES6module
25 silly mapToRegistry using default registry
26 silly mapToRegistry registry https://registry.npmjs.org/
27 silly mapToRegistry uri https://registry.npmjs.org/mockES6module
28 verbose publish registryBase https://registry.npmjs.org/
29 silly publish uploading /home/frank/.npm/mockES6module/0.1.4/package.tgz
30 verbose stack Error: auth required for publishing
30 verbose stack     at CachingRegistryClient.publish (/usr/share/npm/node_modules/npm-registry-client/lib/publish.js:30:14)
30 verbose stack     at /usr/share/npm/lib/publish.js:137:14
30 verbose stack     at mapToRegistry (/usr/share/npm/lib/utils/map-to-registry.js:55:3)
30 verbose stack     at publish_ (/usr/share/npm/lib/publish.js:106:3)
30 verbose stack     at Array.<anonymous> (/usr/share/npm/node_modules/slide/lib/bind-actor.js:15:8)
30 verbose stack     at LOOP (/usr/share/npm/node_modules/slide/lib/chain.js:15:14)
30 verbose stack     at LOOP (/usr/share/npm/node_modules/slide/lib/chain.js:14:28)
30 verbose stack     at chain (/usr/share/npm/node_modules/slide/lib/chain.js:20:5)
30 verbose stack     at /usr/share/npm/lib/publish.js:72:5
30 verbose stack     at RES (/usr/share/npm/node_modules/inflight/inflight.js:23:14)
31 verbose cwd /depot/own/mockES6module
32 error Linux 4.4.0-38-generic
33 error argv "/usr/bin/nodejs" "/usr/bin/npm" "publish"
34 error node v4.2.6
35 error npm  v3.5.2
36 error code ENEEDAUTH
37 error need auth auth required for publishing
38 error need auth You need to authorize this machine using `npm adduser`
39 verbose exit [ 1, true ]
